<?xml version="1.0" encoding="UTF-8"?>
<testng-results ignored="0" total="1" passed="1" failed="0" skipped="0">
  <reporter-output>
  </reporter-output>
  <suite started-at="2022-11-16T00:21:22Z" name="Surefire suite" finished-at="2022-11-16T00:21:22Z" duration-ms="33">
    <groups>
    </groups>
    <test started-at="2022-11-16T00:21:22Z" name="Surefire test" finished-at="2022-11-16T00:21:22Z" duration-ms="33">
      <class name="Proyecto.TestNGExample">
        <test-method is-config="true" signature="beforeMethod()[pri:0, instance:Proyecto.TestNGExample@1ad282e0]" started-at="2022-11-15T19:21:22Z" name="beforeMethod" finished-at="2022-11-15T19:21:22Z" duration-ms="7" status="PASS">
          <reporter-output>
          </reporter-output>
        </test-method> <!-- beforeMethod -->
        <test-method signature="f()[pri:0, instance:Proyecto.TestNGExample@1ad282e0]" started-at="2022-11-15T19:21:22Z" name="f" finished-at="2022-11-15T19:21:22Z" duration-ms="1" status="PASS">
          <reporter-output>
          </reporter-output>
        </test-method> <!-- f -->
        <test-method is-config="true" signature="afterMethod()[pri:0, instance:Proyecto.TestNGExample@1ad282e0]" started-at="2022-11-15T19:21:22Z" name="afterMethod" finished-at="2022-11-15T19:21:22Z" duration-ms="1" status="PASS">
          <reporter-output>
          </reporter-output>
        </test-method> <!-- afterMethod -->
      </class> <!-- Proyecto.TestNGExample -->
    </test> <!-- Surefire test -->
  </suite> <!-- Surefire suite -->
</testng-results>
